<?xml version="1.0" encoding="UTF-8"?>
<!-- Generated by org.testng.reporters.JUnitXMLReporter -->
<testsuite ignored="0" hostname="Legion-5" failures="0" tests="7" name="Test" time="9.355" errors="0" timestamp="12 Sep 2021 16:35:16 GMT">
  <testcase classname="qaautomation.august2021.APITest" name="configAPI" time="1.413"/>
  <testcase classname="qaautomation.august2021.APITest" name="configAPI2" time="1.479"/>
  <testcase classname="qaautomation.august2021.APITest" name="dashboardAPIWithSchema" time="1.971"/>
  <testcase classname="qaautomation.august2021.APITest" name="fakerEmail" time="0.118"/>
  <testcase classname="qaautomation.august2021.APITest" name="incorrectLoginAPI" time="1.456"/>
  <testcase classname="qaautomation.august2021.APITest" name="userAPI" time="1.408"/>
  <testcase classname="qaautomation.august2021.APITest" name="dashboardAPI" time="1.489"/>
</testsuite> <!-- Test -->
