<?xml version="1.0" encoding="UTF-8"?>
<!-- Generated by org.testng.reporters.JUnitXMLReporter -->
<testsuite hostname="NBCNITQAJ9K" ignored="0" name="Test" tests="8" failures="0" timestamp="19 Sep 2021 06:03:58 GMT" time="14.452" errors="0">
  <testcase name="configAPI" time="1.74" classname="qaautomation.august2021.APITest"/>
  <testcase name="configAPI2" time="1.976" classname="qaautomation.august2021.APITest"/>
  <testcase name="dashboardAPIWithSchema" time="2.732" classname="qaautomation.august2021.APITest"/>
  <testcase name="fakeEmail" time="0.211" classname="qaautomation.august2021.APITest"/>
  <testcase name="incorrectLoginAPI" time="1.778" classname="qaautomation.august2021.APITest"/>
  <testcase name="signupAPI" time="1.82" classname="qaautomation.august2021.APITest"/>
  <testcase name="userAPI" time="1.895" classname="qaautomation.august2021.APITest"/>
  <testcase name="dashboardAPI" time="2.269" classname="qaautomation.august2021.APITest"/>
</testsuite> <!-- Test -->
